2025-08-05 22:43:32 | INFO | Logger initialized and stderr are now redirected.
2025-08-05 22:43:32 | INFO | Loaded new session, converting scans to GPU tensors
2025-08-05 22:43:32 | INFO | Converted 5 scans and poses to GPU
2025-08-05 23:02:14 | INFO | Logger initialized and stderr are now redirected.
2025-08-05 23:02:14 | INFO | Loaded new session, start converting to tpcd
2025-08-05 23:02:14 | INFO | Processing scan 1/5
2025-08-05 23:02:14 | INFO | Legacy pcd #0 has 1000 points
2025-08-05 23:02:14 | INFO | Converted to torch tensor: shape=torch.Size([1000, 3]), dtype=torch.float32, device=cuda:0
2025-08-05 23:02:14 | INFO | Pose #0: [0. 0. 0.]
2025-08-05 23:02:14 | INFO | Processing scan 2/5
2025-08-05 23:02:14 | INFO | Legacy pcd #1 has 1000 points
2025-08-05 23:02:14 | INFO | Converted to torch tensor: shape=torch.Size([1000, 3]), dtype=torch.float32, device=cuda:0
2025-08-05 23:02:14 | INFO | Pose #1: [2. 0. 0.]
2025-08-05 23:02:14 | INFO | Processing scan 3/5
2025-08-05 23:02:14 | INFO | Legacy pcd #2 has 1000 points
2025-08-05 23:02:14 | INFO | Converted to torch tensor: shape=torch.Size([1000, 3]), dtype=torch.float32, device=cuda:0
2025-08-05 23:02:14 | INFO | Pose #2: [4. 0. 0.]
2025-08-05 23:02:14 | INFO | Processing scan 4/5
2025-08-05 23:02:14 | INFO | Legacy pcd #3 has 1000 points
2025-08-05 23:02:14 | INFO | Converted to torch tensor: shape=torch.Size([1000, 3]), dtype=torch.float32, device=cuda:0
2025-08-05 23:02:14 | INFO | Pose #3: [6. 0. 0.]
2025-08-05 23:02:14 | INFO | Processing scan 5/5
2025-08-05 23:02:14 | INFO | Legacy pcd #4 has 1000 points
2025-08-05 23:02:14 | INFO | Converted to torch tensor: shape=torch.Size([1000, 3]), dtype=torch.float32, device=cuda:0
2025-08-05 23:02:14 | INFO | Pose #4: [8. 0. 0.]
2025-08-05 23:02:14 | INFO | Converted all session to tensors: 5 scans, 5 poses
2025-08-05 23:02:14 | INFO | Initialized session map
2025-08-05 23:08:18 | INFO | Logger initialized and stderr are now redirected.
2025-08-05 23:08:18 | INFO | Loaded new session, start converting to tpcd
2025-08-05 23:08:18 | INFO | Processing scan 1/5
2025-08-05 23:08:18 | INFO | Legacy pcd #0 has 1000 points
2025-08-05 23:08:18 | INFO | Converted to torch tensor: shape=torch.Size([1000, 3]), dtype=torch.float32, device=cuda:0
2025-08-05 23:08:18 | INFO | Pose #0: [0. 0. 0.]
2025-08-05 23:08:18 | INFO | Processing scan 2/5
2025-08-05 23:08:18 | INFO | Legacy pcd #1 has 1000 points
2025-08-05 23:08:18 | INFO | Converted to torch tensor: shape=torch.Size([1000, 3]), dtype=torch.float32, device=cuda:0
2025-08-05 23:08:18 | INFO | Pose #1: [2. 0. 0.]
2025-08-05 23:08:18 | INFO | Processing scan 3/5
2025-08-05 23:08:18 | INFO | Legacy pcd #2 has 1000 points
2025-08-05 23:08:18 | INFO | Converted to torch tensor: shape=torch.Size([1000, 3]), dtype=torch.float32, device=cuda:0
2025-08-05 23:08:18 | INFO | Pose #2: [4. 0. 0.]
2025-08-05 23:08:18 | INFO | Processing scan 4/5
2025-08-05 23:08:18 | INFO | Legacy pcd #3 has 1000 points
2025-08-05 23:08:18 | INFO | Converted to torch tensor: shape=torch.Size([1000, 3]), dtype=torch.float32, device=cuda:0
2025-08-05 23:08:18 | INFO | Pose #3: [6. 0. 0.]
2025-08-05 23:08:18 | INFO | Processing scan 5/5
2025-08-05 23:08:18 | INFO | Legacy pcd #4 has 1000 points
2025-08-05 23:08:18 | INFO | Converted to torch tensor: shape=torch.Size([1000, 3]), dtype=torch.float32, device=cuda:0
2025-08-05 23:08:18 | INFO | Pose #4: [8. 0. 0.]
2025-08-05 23:08:18 | INFO | Converted all session to tensors: 5 scans, 5 poses
2025-08-05 23:08:18 | INFO | Initialized session map
2025-08-05 23:09:03 | INFO | Logger initialized and stderr are now redirected.
2025-08-05 23:09:03 | INFO | Loaded new session, start converting to tpcd
2025-08-05 23:09:03 | INFO | Processing scan 1/5
2025-08-05 23:09:03 | INFO | Legacy pcd #0 has 1000 points
2025-08-05 23:09:03 | INFO | Converted to torch tensor: shape=torch.Size([1000, 3]), dtype=torch.float32, device=cuda:0
2025-08-05 23:09:03 | INFO | Pose #0: [0. 0. 0.]
2025-08-05 23:09:03 | INFO | Processing scan 2/5
2025-08-05 23:09:03 | INFO | Legacy pcd #1 has 1000 points
2025-08-05 23:09:03 | INFO | Converted to torch tensor: shape=torch.Size([1000, 3]), dtype=torch.float32, device=cuda:0
2025-08-05 23:09:03 | INFO | Pose #1: [2. 0. 0.]
2025-08-05 23:09:03 | INFO | Processing scan 3/5
2025-08-05 23:09:03 | INFO | Legacy pcd #2 has 1000 points
2025-08-05 23:09:03 | INFO | Converted to torch tensor: shape=torch.Size([1000, 3]), dtype=torch.float32, device=cuda:0
2025-08-05 23:09:03 | INFO | Pose #2: [4. 0. 0.]
2025-08-05 23:09:03 | INFO | Processing scan 4/5
2025-08-05 23:09:03 | INFO | Legacy pcd #3 has 1000 points
2025-08-05 23:09:03 | INFO | Converted to torch tensor: shape=torch.Size([1000, 3]), dtype=torch.float32, device=cuda:0
2025-08-05 23:09:03 | INFO | Pose #3: [6. 0. 0.]
2025-08-05 23:09:03 | INFO | Processing scan 5/5
2025-08-05 23:09:03 | INFO | Legacy pcd #4 has 1000 points
2025-08-05 23:09:03 | INFO | Converted to torch tensor: shape=torch.Size([1000, 3]), dtype=torch.float32, device=cuda:0
2025-08-05 23:09:03 | INFO | Pose #4: [8. 0. 0.]
2025-08-05 23:09:03 | INFO | Converted all session to tensors: 5 scans, 5 poses
2025-08-05 23:09:03 | INFO | Initialized session map
2025-08-05 23:09:35 | INFO | Logger initialized and stderr are now redirected.
2025-08-05 23:09:35 | INFO | Loaded new session, start converting to tpcd
2025-08-05 23:09:35 | INFO | Processing scan 1/5
2025-08-05 23:09:35 | INFO | Legacy pcd #0 has 1000 points
2025-08-05 23:09:35 | INFO | Converted to torch tensor: shape=torch.Size([1000, 3]), dtype=torch.float32, device=cuda:0
2025-08-05 23:09:35 | INFO | Pose #0: [0. 0. 0.]
2025-08-05 23:09:35 | INFO | Processing scan 2/5
2025-08-05 23:09:35 | INFO | Legacy pcd #1 has 1000 points
2025-08-05 23:09:35 | INFO | Converted to torch tensor: shape=torch.Size([1000, 3]), dtype=torch.float32, device=cuda:0
2025-08-05 23:09:35 | INFO | Pose #1: [2. 0. 0.]
2025-08-05 23:09:35 | INFO | Processing scan 3/5
2025-08-05 23:09:35 | INFO | Legacy pcd #2 has 1000 points
2025-08-05 23:09:35 | INFO | Converted to torch tensor: shape=torch.Size([1000, 3]), dtype=torch.float32, device=cuda:0
2025-08-05 23:09:35 | INFO | Pose #2: [4. 0. 0.]
2025-08-05 23:09:35 | INFO | Processing scan 4/5
2025-08-05 23:09:35 | INFO | Legacy pcd #3 has 1000 points
2025-08-05 23:09:35 | INFO | Converted to torch tensor: shape=torch.Size([1000, 3]), dtype=torch.float32, device=cuda:0
2025-08-05 23:09:35 | INFO | Pose #3: [6. 0. 0.]
2025-08-05 23:09:35 | INFO | Processing scan 5/5
2025-08-05 23:09:35 | INFO | Legacy pcd #4 has 1000 points
2025-08-05 23:09:35 | INFO | Converted to torch tensor: shape=torch.Size([1000, 3]), dtype=torch.float32, device=cuda:0
2025-08-05 23:09:35 | INFO | Pose #4: [8. 0. 0.]
2025-08-05 23:09:35 | INFO | Converted all session to tensors: 5 scans, 5 poses
2025-08-05 23:09:35 | INFO | Initialized session map
2025-08-05 23:09:35 | INFO | Updating anchor local ephemerality
2025-08-05 23:09:35 | INFO | Built CuPyKDTree with 3394 points
2025-08-05 23:09:35 | DEBUG | Processing scan 1/5
2025-08-05 23:09:36 | DEBUG | Processing scan 4/5
2025-08-05 23:09:59 | INFO | Logger initialized and stderr are now redirected.
2025-08-05 23:09:59 | INFO | Loaded new session, start converting to tpcd
2025-08-05 23:09:59 | INFO | Processing scan 1/5
2025-08-05 23:09:59 | INFO | Legacy pcd #0 has 1000 points
2025-08-05 23:10:00 | INFO | Converted to torch tensor: shape=torch.Size([1000, 3]), dtype=torch.float32, device=cuda:0
2025-08-05 23:10:00 | INFO | Pose #0: [0. 0. 0.]
2025-08-05 23:10:00 | INFO | Processing scan 2/5
2025-08-05 23:10:00 | INFO | Legacy pcd #1 has 1000 points
2025-08-05 23:10:00 | INFO | Converted to torch tensor: shape=torch.Size([1000, 3]), dtype=torch.float32, device=cuda:0
2025-08-05 23:10:00 | INFO | Pose #1: [2. 0. 0.]
2025-08-05 23:10:00 | INFO | Processing scan 3/5
2025-08-05 23:10:00 | INFO | Legacy pcd #2 has 1000 points
2025-08-05 23:10:00 | INFO | Converted to torch tensor: shape=torch.Size([1000, 3]), dtype=torch.float32, device=cuda:0
2025-08-05 23:10:00 | INFO | Pose #2: [4. 0. 0.]
2025-08-05 23:10:00 | INFO | Processing scan 4/5
2025-08-05 23:10:00 | INFO | Legacy pcd #3 has 1000 points
2025-08-05 23:10:00 | INFO | Converted to torch tensor: shape=torch.Size([1000, 3]), dtype=torch.float32, device=cuda:0
2025-08-05 23:10:00 | INFO | Pose #3: [6. 0. 0.]
2025-08-05 23:10:00 | INFO | Processing scan 5/5
2025-08-05 23:10:00 | INFO | Legacy pcd #4 has 1000 points
2025-08-05 23:10:00 | INFO | Converted to torch tensor: shape=torch.Size([1000, 3]), dtype=torch.float32, device=cuda:0
2025-08-05 23:10:00 | INFO | Pose #4: [8. 0. 0.]
2025-08-05 23:10:00 | INFO | Converted all session to tensors: 5 scans, 5 poses
2025-08-05 23:10:00 | INFO | Initialized session map
2025-08-05 23:10:00 | INFO | Updating anchor local ephemerality
2025-08-05 23:10:00 | INFO | Built CuPyKDTree with 3394 points
2025-08-05 23:10:00 | DEBUG | Processing scan 1/5
2025-08-05 23:10:00 | DEBUG | Processing scan 4/5
2025-08-05 23:10:28 | INFO | Logger initialized and stderr are now redirected.
2025-08-05 23:10:28 | INFO | Loaded new session, start converting to tpcd
2025-08-05 23:10:28 | INFO | Processing scan 1/5
2025-08-05 23:10:28 | INFO | Legacy pcd #0 has 1000 points
2025-08-05 23:10:29 | INFO | Converted to torch tensor: shape=torch.Size([1000, 3]), dtype=torch.float32, device=cuda:0
2025-08-05 23:10:29 | INFO | Pose #0: [0. 0. 0.]
2025-08-05 23:10:29 | INFO | Processing scan 2/5
2025-08-05 23:10:29 | INFO | Legacy pcd #1 has 1000 points
2025-08-05 23:10:29 | INFO | Converted to torch tensor: shape=torch.Size([1000, 3]), dtype=torch.float32, device=cuda:0
2025-08-05 23:10:29 | INFO | Pose #1: [2. 0. 0.]
2025-08-05 23:10:29 | INFO | Processing scan 3/5
2025-08-05 23:10:29 | INFO | Legacy pcd #2 has 1000 points
2025-08-05 23:10:29 | INFO | Converted to torch tensor: shape=torch.Size([1000, 3]), dtype=torch.float32, device=cuda:0
2025-08-05 23:10:29 | INFO | Pose #2: [4. 0. 0.]
2025-08-05 23:10:29 | INFO | Processing scan 4/5
2025-08-05 23:10:29 | INFO | Legacy pcd #3 has 1000 points
2025-08-05 23:10:29 | INFO | Converted to torch tensor: shape=torch.Size([1000, 3]), dtype=torch.float32, device=cuda:0
2025-08-05 23:10:29 | INFO | Pose #3: [6. 0. 0.]
2025-08-05 23:10:29 | INFO | Processing scan 5/5
2025-08-05 23:10:29 | INFO | Legacy pcd #4 has 1000 points
2025-08-05 23:10:29 | INFO | Converted to torch tensor: shape=torch.Size([1000, 3]), dtype=torch.float32, device=cuda:0
2025-08-05 23:10:29 | INFO | Pose #4: [8. 0. 0.]
2025-08-05 23:10:29 | INFO | Converted all session to tensors: 5 scans, 5 poses
2025-08-05 23:10:29 | INFO | Initialized session map
2025-08-05 23:12:36 | INFO | Logger initialized and stderr are now redirected.
2025-08-05 23:12:36 | INFO | Loaded new session, start converting to tpcd
2025-08-05 23:12:36 | INFO | Processing scan 1/5
2025-08-05 23:12:36 | INFO | Legacy pcd #0 has 1000 points
2025-08-05 23:12:36 | INFO | Converted to torch tensor: shape=torch.Size([1000, 3]), dtype=torch.float32, device=cuda:0
2025-08-05 23:12:36 | INFO | Pose #0: [0. 0. 0.]
2025-08-05 23:12:36 | INFO | Processing scan 2/5
2025-08-05 23:12:36 | INFO | Legacy pcd #1 has 1000 points
2025-08-05 23:12:36 | INFO | Converted to torch tensor: shape=torch.Size([1000, 3]), dtype=torch.float32, device=cuda:0
2025-08-05 23:12:36 | INFO | Pose #1: [2. 0. 0.]
2025-08-05 23:12:36 | INFO | Processing scan 3/5
2025-08-05 23:12:36 | INFO | Legacy pcd #2 has 1000 points
2025-08-05 23:12:36 | INFO | Converted to torch tensor: shape=torch.Size([1000, 3]), dtype=torch.float32, device=cuda:0
2025-08-05 23:12:36 | INFO | Pose #2: [4. 0. 0.]
2025-08-05 23:12:36 | INFO | Processing scan 4/5
2025-08-05 23:12:36 | INFO | Legacy pcd #3 has 1000 points
2025-08-05 23:12:36 | INFO | Converted to torch tensor: shape=torch.Size([1000, 3]), dtype=torch.float32, device=cuda:0
2025-08-05 23:12:36 | INFO | Pose #3: [6. 0. 0.]
2025-08-05 23:12:36 | INFO | Processing scan 5/5
2025-08-05 23:12:36 | INFO | Legacy pcd #4 has 1000 points
2025-08-05 23:12:36 | INFO | Converted to torch tensor: shape=torch.Size([1000, 3]), dtype=torch.float32, device=cuda:0
2025-08-05 23:12:36 | INFO | Pose #4: [8. 0. 0.]
2025-08-05 23:12:36 | INFO | Converted all session to tensors: 5 scans, 5 poses
2025-08-05 23:12:36 | INFO | Initialized session map
2025-08-05 23:13:07 | INFO | Logger initialized and stderr are now redirected.
2025-08-05 23:13:07 | INFO | Loaded new session, start converting to tpcd
2025-08-05 23:13:07 | INFO | Processing scan 1/5
2025-08-05 23:13:07 | INFO | Legacy pcd #0 has 1000 points
2025-08-05 23:13:07 | INFO | Converted to torch tensor: shape=torch.Size([1000, 3]), dtype=torch.float32, device=cuda:0
2025-08-05 23:13:07 | INFO | Pose #0: [0. 0. 0.]
2025-08-05 23:13:07 | INFO | Processing scan 2/5
2025-08-05 23:13:07 | INFO | Legacy pcd #1 has 1000 points
2025-08-05 23:13:07 | INFO | Converted to torch tensor: shape=torch.Size([1000, 3]), dtype=torch.float32, device=cuda:0
2025-08-05 23:13:07 | INFO | Pose #1: [2. 0. 0.]
2025-08-05 23:13:07 | INFO | Processing scan 3/5
2025-08-05 23:13:07 | INFO | Legacy pcd #2 has 1000 points
2025-08-05 23:13:07 | INFO | Converted to torch tensor: shape=torch.Size([1000, 3]), dtype=torch.float32, device=cuda:0
2025-08-05 23:13:07 | INFO | Pose #2: [4. 0. 0.]
2025-08-05 23:13:07 | INFO | Processing scan 4/5
2025-08-05 23:13:07 | INFO | Legacy pcd #3 has 1000 points
2025-08-05 23:13:07 | INFO | Converted to torch tensor: shape=torch.Size([1000, 3]), dtype=torch.float32, device=cuda:0
2025-08-05 23:13:07 | INFO | Pose #3: [6. 0. 0.]
2025-08-05 23:13:07 | INFO | Processing scan 5/5
2025-08-05 23:13:07 | INFO | Legacy pcd #4 has 1000 points
2025-08-05 23:13:07 | INFO | Converted to torch tensor: shape=torch.Size([1000, 3]), dtype=torch.float32, device=cuda:0
2025-08-05 23:13:07 | INFO | Pose #4: [8. 0. 0.]
2025-08-05 23:13:07 | INFO | Converted all session to tensors: 5 scans, 5 poses
2025-08-05 23:13:07 | INFO | Initialized session map
2025-08-05 23:19:00 | INFO | Logger initialized and stderr are now redirected.
2025-08-05 23:19:00 | INFO | Loaded new session, start converting to tpcd
2025-08-05 23:19:00 | INFO | Processing scan 1/5
2025-08-05 23:19:00 | INFO | Legacy pcd #0 has 1000 points
2025-08-05 23:19:00 | INFO | Converted to torch tensor: shape=torch.Size([1000, 3]), dtype=torch.float32, device=cuda:0
2025-08-05 23:19:00 | INFO | Pose #0: [0. 0. 0.]
2025-08-05 23:19:00 | INFO | Processing scan 2/5
2025-08-05 23:19:00 | INFO | Legacy pcd #1 has 1000 points
2025-08-05 23:19:00 | INFO | Converted to torch tensor: shape=torch.Size([1000, 3]), dtype=torch.float32, device=cuda:0
2025-08-05 23:19:00 | INFO | Pose #1: [2. 0. 0.]
2025-08-05 23:19:00 | INFO | Processing scan 3/5
2025-08-05 23:19:00 | INFO | Legacy pcd #2 has 1000 points
2025-08-05 23:19:00 | INFO | Converted to torch tensor: shape=torch.Size([1000, 3]), dtype=torch.float32, device=cuda:0
2025-08-05 23:19:00 | INFO | Pose #2: [4. 0. 0.]
2025-08-05 23:19:00 | INFO | Processing scan 4/5
2025-08-05 23:19:00 | INFO | Legacy pcd #3 has 1000 points
2025-08-05 23:19:00 | INFO | Converted to torch tensor: shape=torch.Size([1000, 3]), dtype=torch.float32, device=cuda:0
2025-08-05 23:19:00 | INFO | Pose #3: [6. 0. 0.]
2025-08-05 23:19:00 | INFO | Processing scan 5/5
2025-08-05 23:19:00 | INFO | Legacy pcd #4 has 1000 points
2025-08-05 23:19:00 | INFO | Converted to torch tensor: shape=torch.Size([1000, 3]), dtype=torch.float32, device=cuda:0
2025-08-05 23:19:00 | INFO | Pose #4: [8. 0. 0.]
2025-08-05 23:19:00 | INFO | Converted all session to tensors: 5 scans, 5 poses
2025-08-05 23:19:00 | INFO | Initialized session map
2025-08-05 23:19:00 | INFO | Built CuPyKDTree with 3394 points
2025-08-05 23:19:00 | DEBUG | Processing scan 1/5
2025-08-05 23:19:00 | DEBUG | Processing scan 4/5
2025-08-05 23:25:55 | INFO | Logger initialized and stderr are now redirected.
2025-08-05 23:25:55 | INFO | Loaded new session, start converting to tpcd
2025-08-05 23:25:55 | INFO | Processing scan 1/5
2025-08-05 23:25:55 | INFO | Legacy pcd #0 has 1000 points
2025-08-05 23:25:55 | INFO | Converted to torch tensor: shape=torch.Size([1000, 3]), dtype=torch.float32, device=cuda:0
2025-08-05 23:25:55 | INFO | Pose #0: [0. 0. 0.]
2025-08-05 23:25:55 | INFO | Processing scan 2/5
2025-08-05 23:25:55 | INFO | Legacy pcd #1 has 1000 points
2025-08-05 23:25:55 | INFO | Converted to torch tensor: shape=torch.Size([1000, 3]), dtype=torch.float32, device=cuda:0
2025-08-05 23:25:55 | INFO | Pose #1: [2. 0. 0.]
2025-08-05 23:25:55 | INFO | Processing scan 3/5
2025-08-05 23:25:55 | INFO | Legacy pcd #2 has 1000 points
2025-08-05 23:25:55 | INFO | Converted to torch tensor: shape=torch.Size([1000, 3]), dtype=torch.float32, device=cuda:0
2025-08-05 23:25:55 | INFO | Pose #2: [4. 0. 0.]
2025-08-05 23:25:55 | INFO | Processing scan 4/5
2025-08-05 23:25:55 | INFO | Legacy pcd #3 has 1000 points
2025-08-05 23:25:55 | INFO | Converted to torch tensor: shape=torch.Size([1000, 3]), dtype=torch.float32, device=cuda:0
2025-08-05 23:25:55 | INFO | Pose #3: [6. 0. 0.]
2025-08-05 23:25:55 | INFO | Processing scan 5/5
2025-08-05 23:25:55 | INFO | Legacy pcd #4 has 1000 points
2025-08-05 23:25:55 | INFO | Converted to torch tensor: shape=torch.Size([1000, 3]), dtype=torch.float32, device=cuda:0
2025-08-05 23:25:55 | INFO | Pose #4: [8. 0. 0.]
2025-08-05 23:25:55 | INFO | Converted all session to tensors: 5 scans, 5 poses
2025-08-05 23:25:55 | INFO | Initialized session map
2025-08-05 23:25:55 | INFO | Built CuPyKDTree with 3394 points
2025-08-05 23:25:55 | DEBUG | Processing scan 1/5
2025-08-05 23:25:55 | DEBUG | Processing scan 4/5
2025-08-05 23:30:43 | INFO | Logger initialized and stderr are now redirected.
2025-08-05 23:30:43 | INFO | Loaded new session, start converting to tpcd
2025-08-05 23:30:43 | INFO | Processing scan 1/5
2025-08-05 23:30:43 | INFO | Legacy pcd #0 has 1000 points
2025-08-05 23:30:44 | INFO | Converted to torch tensor: shape=torch.Size([1000, 3]), dtype=torch.float32, device=cuda:0
2025-08-05 23:30:44 | INFO | Pose #0: [0. 0. 0.]
2025-08-05 23:30:44 | INFO | Processing scan 2/5
2025-08-05 23:30:44 | INFO | Legacy pcd #1 has 1000 points
2025-08-05 23:30:44 | INFO | Converted to torch tensor: shape=torch.Size([1000, 3]), dtype=torch.float32, device=cuda:0
2025-08-05 23:30:44 | INFO | Pose #1: [2. 0. 0.]
2025-08-05 23:30:44 | INFO | Processing scan 3/5
2025-08-05 23:30:44 | INFO | Legacy pcd #2 has 1000 points
2025-08-05 23:30:44 | INFO | Converted to torch tensor: shape=torch.Size([1000, 3]), dtype=torch.float32, device=cuda:0
2025-08-05 23:30:44 | INFO | Pose #2: [4. 0. 0.]
2025-08-05 23:30:44 | INFO | Processing scan 4/5
2025-08-05 23:30:44 | INFO | Legacy pcd #3 has 1000 points
2025-08-05 23:30:44 | INFO | Converted to torch tensor: shape=torch.Size([1000, 3]), dtype=torch.float32, device=cuda:0
2025-08-05 23:30:44 | INFO | Pose #3: [6. 0. 0.]
2025-08-05 23:30:44 | INFO | Processing scan 5/5
2025-08-05 23:30:44 | INFO | Legacy pcd #4 has 1000 points
2025-08-05 23:30:44 | INFO | Converted to torch tensor: shape=torch.Size([1000, 3]), dtype=torch.float32, device=cuda:0
2025-08-05 23:30:44 | INFO | Pose #4: [8. 0. 0.]
2025-08-05 23:30:44 | INFO | Converted all session to tensors: 5 scans, 5 poses
2025-08-05 23:30:44 | INFO | Initialized session map
2025-08-05 23:30:44 | INFO | Built CuPyKDTree with 3394 points
2025-08-05 23:30:44 | DEBUG | Processing scan 1/5
2025-08-05 23:30:44 | DEBUG | Processing scan 4/5
2025-08-05 23:31:25 | INFO | Logger initialized and stderr are now redirected.
2025-08-05 23:31:25 | INFO | Loaded new session, start converting to tpcd
2025-08-05 23:31:25 | INFO | Processing scan 1/5
2025-08-05 23:31:25 | INFO | Legacy pcd #0 has 1000 points
2025-08-05 23:31:26 | INFO | Converted to torch tensor: shape=torch.Size([1000, 3]), dtype=torch.float32, device=cuda:0
2025-08-05 23:31:26 | INFO | Pose #0: [0. 0. 0.]
2025-08-05 23:31:26 | INFO | Processing scan 2/5
2025-08-05 23:31:26 | INFO | Legacy pcd #1 has 1000 points
2025-08-05 23:31:26 | INFO | Converted to torch tensor: shape=torch.Size([1000, 3]), dtype=torch.float32, device=cuda:0
2025-08-05 23:31:26 | INFO | Pose #1: [2. 0. 0.]
2025-08-05 23:31:26 | INFO | Processing scan 3/5
2025-08-05 23:31:26 | INFO | Legacy pcd #2 has 1000 points
2025-08-05 23:31:26 | INFO | Converted to torch tensor: shape=torch.Size([1000, 3]), dtype=torch.float32, device=cuda:0
2025-08-05 23:31:26 | INFO | Pose #2: [4. 0. 0.]
2025-08-05 23:31:26 | INFO | Processing scan 4/5
2025-08-05 23:31:26 | INFO | Legacy pcd #3 has 1000 points
2025-08-05 23:31:26 | INFO | Converted to torch tensor: shape=torch.Size([1000, 3]), dtype=torch.float32, device=cuda:0
2025-08-05 23:31:26 | INFO | Pose #3: [6. 0. 0.]
2025-08-05 23:31:26 | INFO | Processing scan 5/5
2025-08-05 23:31:26 | INFO | Legacy pcd #4 has 1000 points
2025-08-05 23:31:26 | INFO | Converted to torch tensor: shape=torch.Size([1000, 3]), dtype=torch.float32, device=cuda:0
2025-08-05 23:31:26 | INFO | Pose #4: [8. 0. 0.]
2025-08-05 23:31:26 | INFO | Converted all session to tensors: 5 scans, 5 poses
2025-08-05 23:31:26 | INFO | Initialized session map
2025-08-05 23:31:26 | INFO | Built CuPyKDTree with 3394 points
2025-08-05 23:31:26 | DEBUG | Processing scan 1/5
2025-08-05 23:31:26 | DEBUG | Processing scan 4/5
2025-08-06 00:05:03 | INFO | Logger initialized and stderr are now redirected.
2025-08-06 00:05:03 | INFO | Loaded new session, start converting to tpcd
2025-08-06 00:05:03 | INFO | Processing scan 1/5
2025-08-06 00:05:03 | INFO | Legacy pcd #0 has 1000 points
2025-08-06 00:05:04 | INFO | Converted to torch tensor: shape=torch.Size([1000, 3]), dtype=torch.float32, device=cuda:0
2025-08-06 00:05:04 | INFO | Pose #0: [0. 0. 0.]
2025-08-06 00:05:04 | INFO | Processing scan 2/5
2025-08-06 00:05:04 | INFO | Legacy pcd #1 has 1000 points
2025-08-06 00:05:04 | INFO | Converted to torch tensor: shape=torch.Size([1000, 3]), dtype=torch.float32, device=cuda:0
2025-08-06 00:05:04 | INFO | Pose #1: [2. 0. 0.]
2025-08-06 00:05:04 | INFO | Processing scan 3/5
2025-08-06 00:05:04 | INFO | Legacy pcd #2 has 1000 points
2025-08-06 00:05:04 | INFO | Converted to torch tensor: shape=torch.Size([1000, 3]), dtype=torch.float32, device=cuda:0
2025-08-06 00:05:04 | INFO | Pose #2: [4. 0. 0.]
2025-08-06 00:05:04 | INFO | Processing scan 4/5
2025-08-06 00:05:04 | INFO | Legacy pcd #3 has 1000 points
2025-08-06 00:05:04 | INFO | Converted to torch tensor: shape=torch.Size([1000, 3]), dtype=torch.float32, device=cuda:0
2025-08-06 00:05:04 | INFO | Pose #3: [6. 0. 0.]
2025-08-06 00:05:04 | INFO | Processing scan 5/5
2025-08-06 00:05:04 | INFO | Legacy pcd #4 has 1000 points
2025-08-06 00:05:04 | INFO | Converted to torch tensor: shape=torch.Size([1000, 3]), dtype=torch.float32, device=cuda:0
2025-08-06 00:05:04 | INFO | Pose #4: [8. 0. 0.]
2025-08-06 00:05:04 | INFO | Converted all session to tensors: 5 scans, 5 poses
2025-08-06 00:05:04 | INFO | Initialized session map
2025-08-06 00:06:24 | INFO | Logger initialized and stderr are now redirected.
2025-08-06 00:06:24 | INFO | Loaded new session, start converting to tpcd
2025-08-06 00:06:24 | INFO | Processing scan 1/5
2025-08-06 00:06:24 | INFO | Legacy pcd #0 has 1000 points
2025-08-06 00:06:24 | INFO | Converted to torch tensor: shape=torch.Size([1000, 3]), dtype=torch.float32, device=cuda:0
2025-08-06 00:06:24 | INFO | Pose #0: [0. 0. 0.]
2025-08-06 00:06:24 | INFO | Processing scan 2/5
2025-08-06 00:06:24 | INFO | Legacy pcd #1 has 1000 points
2025-08-06 00:06:24 | INFO | Converted to torch tensor: shape=torch.Size([1000, 3]), dtype=torch.float32, device=cuda:0
2025-08-06 00:06:24 | INFO | Pose #1: [2. 0. 0.]
2025-08-06 00:06:24 | INFO | Processing scan 3/5
2025-08-06 00:06:24 | INFO | Legacy pcd #2 has 1000 points
2025-08-06 00:06:24 | INFO | Converted to torch tensor: shape=torch.Size([1000, 3]), dtype=torch.float32, device=cuda:0
2025-08-06 00:06:24 | INFO | Pose #2: [4. 0. 0.]
2025-08-06 00:06:24 | INFO | Processing scan 4/5
2025-08-06 00:06:24 | INFO | Legacy pcd #3 has 1000 points
2025-08-06 00:06:24 | INFO | Converted to torch tensor: shape=torch.Size([1000, 3]), dtype=torch.float32, device=cuda:0
2025-08-06 00:06:24 | INFO | Pose #3: [6. 0. 0.]
2025-08-06 00:06:24 | INFO | Processing scan 5/5
2025-08-06 00:06:24 | INFO | Legacy pcd #4 has 1000 points
2025-08-06 00:06:24 | INFO | Converted to torch tensor: shape=torch.Size([1000, 3]), dtype=torch.float32, device=cuda:0
2025-08-06 00:06:24 | INFO | Pose #4: [8. 0. 0.]
2025-08-06 00:06:24 | INFO | Converted all session to tensors: 5 scans, 5 poses
2025-08-06 00:06:24 | INFO | Initialized session map
2025-08-06 00:06:24 | INFO | Built FAISS HNSW index with 3394 points
2025-08-06 00:06:24 | INFO | Built CuPyKDTree with 3394 points
2025-08-06 00:06:24 | DEBUG | Processing scan 1/5
2025-08-06 00:06:24 | DEBUG | Processing scan 4/5
2025-08-06 00:08:20 | INFO | Logger initialized and stderr are now redirected.
2025-08-06 00:08:20 | INFO | Loaded new session, start converting to tpcd
2025-08-06 00:08:20 | INFO | Processing scan 1/5
2025-08-06 00:08:20 | INFO | Legacy pcd #0 has 1000 points
2025-08-06 00:08:20 | INFO | Converted to torch tensor: shape=torch.Size([1000, 3]), dtype=torch.float32, device=cuda:0
2025-08-06 00:08:20 | INFO | Pose #0: [0. 0. 0.]
2025-08-06 00:08:20 | INFO | Processing scan 2/5
2025-08-06 00:08:20 | INFO | Legacy pcd #1 has 1000 points
2025-08-06 00:08:20 | INFO | Converted to torch tensor: shape=torch.Size([1000, 3]), dtype=torch.float32, device=cuda:0
2025-08-06 00:08:20 | INFO | Pose #1: [2. 0. 0.]
2025-08-06 00:08:20 | INFO | Processing scan 3/5
2025-08-06 00:08:20 | INFO | Legacy pcd #2 has 1000 points
2025-08-06 00:08:20 | INFO | Converted to torch tensor: shape=torch.Size([1000, 3]), dtype=torch.float32, device=cuda:0
2025-08-06 00:08:20 | INFO | Pose #2: [4. 0. 0.]
2025-08-06 00:08:20 | INFO | Processing scan 4/5
2025-08-06 00:08:20 | INFO | Legacy pcd #3 has 1000 points
2025-08-06 00:08:20 | INFO | Converted to torch tensor: shape=torch.Size([1000, 3]), dtype=torch.float32, device=cuda:0
2025-08-06 00:08:20 | INFO | Pose #3: [6. 0. 0.]
2025-08-06 00:08:20 | INFO | Processing scan 5/5
2025-08-06 00:08:20 | INFO | Legacy pcd #4 has 1000 points
2025-08-06 00:08:20 | INFO | Converted to torch tensor: shape=torch.Size([1000, 3]), dtype=torch.float32, device=cuda:0
2025-08-06 00:08:20 | INFO | Pose #4: [8. 0. 0.]
2025-08-06 00:08:20 | INFO | Converted all session to tensors: 5 scans, 5 poses
2025-08-06 00:08:20 | INFO | Initialized session map
2025-08-06 00:08:20 | INFO | Built FAISS HNSW index with 3394 points
2025-08-06 00:08:20 | INFO | Built CuPyKDTree with 3394 points
2025-08-06 00:08:20 | DEBUG | Processing scan 1/5
2025-08-06 00:08:20 | DEBUG | Processing scan 4/5
